Arguments: 
  /usr/bin/node /home/simon/.yarn/bin/yarn.js add -D @types/tough-cookie @types/axios-cookiejar-support

PATH: 
  /home/simon/opt/cross/bin:/home/simon/.yarn/bin:/home/simon/.config/yarn/global/node_modules/.bin:/home/simon/opt/cross/bin:/home/simon/.yarn/bin:/home/simon/.config/yarn/global/node_modules/.bin:/home/simon/.local/share/umake/bin:/home/simon/.cargo/bin:/home/simon/.local/bin:/usr/local/sbin:/usr/local/bin:/usr/sbin:/usr/bin:/sbin:/bin:/usr/games:/usr/local/games:/snap/bin:/home/simon/tools/todo-cli:/usr/local/go/bin:/home/simon/go/go:/home/simon/tools/:/home/simon/tools/todo-cli:/usr/local/go/bin:/home/simon/go/go:/home/simon/tools/

Yarn version: 
  1.22.17

Node version: 
  17.7.1

Platform: 
  linux x64

Trace: 
  Error: https://registry.yarnpkg.com/@types%2faxios-cookiejar-support: Not found
      at Request.params.callback [as _callback] (/home/simon/.yarn/lib/cli.js:67029:18)
      at Request.self.callback (/home/simon/.yarn/lib/cli.js:140883:22)
      at Request.emit (node:events:527:28)
      at Request.<anonymous> (/home/simon/.yarn/lib/cli.js:141855:10)
      at Request.emit (node:events:527:28)
      at IncomingMessage.<anonymous> (/home/simon/.yarn/lib/cli.js:141777:12)
      at Object.onceWrapper (node:events:641:28)
      at IncomingMessage.emit (node:events:539:35)
      at endReadableNT (node:internal/streams/readable:1342:12)
      at processTicksAndRejections (node:internal/process/task_queues:83:21)

npm manifest: 
  {
      "name": "esdoc",
      "version": "1.0.0",
      "description": "Equation-site document parser and generator",
      "main": "dist/main.js",
      "repository": "https://github.com/camper0008/equation-site-project.git",
      "author": "camper0008",
      "license": "GPLv3",
      "private": true,
      "scripts": {
          "start": "node .",
          "build": "tsc",
          "watch": "tsc -w"
      },
      "devDependencies": {
          "@types/node": "^17.0.21",
          "typescript": "^4.6.2"
      },
      "dependencies": {
          "axios": "^0.26.1",
          "axios-cookiejar-support": "^2.0.4",
          "tough-cookie": "^4.0.0"
      }
  }

yarn manifest: 
  No manifest

Lockfile: 
  # THIS IS AN AUTOGENERATED FILE. DO NOT EDIT THIS FILE DIRECTLY.
  # yarn lockfile v1
  
  
  "@types/node@^17.0.21":
    version "17.0.21"
    resolved "https://registry.yarnpkg.com/@types/node/-/node-17.0.21.tgz#864b987c0c68d07b4345845c3e63b75edd143644"
    integrity sha512-DBZCJbhII3r90XbQxI8Y9IjjiiOGlZ0Hr32omXIZvwwZ7p4DMMXGrKXVyPfuoBOri9XNtL0UK69jYIBIsRX3QQ==
  
  agent-base@^6.0.2:
    version "6.0.2"
    resolved "https://registry.yarnpkg.com/agent-base/-/agent-base-6.0.2.tgz#49fff58577cfee3f37176feab4c22e00f86d7f77"
    integrity sha512-RZNwNclF7+MS/8bDg70amg32dyeZGZxiDuQmZxKLAlQjr3jGyLx+4Kkk58UO7D2QdgFIQCovuSuZESne6RG6XQ==
    dependencies:
      debug "4"
  
  axios-cookiejar-support@^2.0.4:
    version "2.0.4"
    resolved "https://registry.yarnpkg.com/axios-cookiejar-support/-/axios-cookiejar-support-2.0.4.tgz#1c0e92775d8e18ee965a7f32462df57bf15a43f0"
    integrity sha512-N4MwaEp5zCAv+wIp5OFZOPiD2qXCCnx21mMQu7yvO8E9j6YlZWazEHXpz7iJlk6HhZ8vh09ujYJJ594H+iVKmA==
    dependencies:
      http-cookie-agent "^1.0.2"
  
  axios@^0.26.1:
    version "0.26.1"
    resolved "https://registry.yarnpkg.com/axios/-/axios-0.26.1.tgz#1ede41c51fcf51bbbd6fd43669caaa4f0495aaa9"
    integrity sha512-fPwcX4EvnSHuInCMItEhAGnaSEXRBjtzh9fOtsE6E1G6p7vl7edEeZe11QHf18+6+9gR5PbKV/sGKNaD8YaMeA==
    dependencies:
      follow-redirects "^1.14.8"
  
  debug@4:
    version "4.3.4"
    resolved "https://registry.yarnpkg.com/debug/-/debug-4.3.4.tgz#1319f6579357f2338d3337d2cdd4914bb5dcc865"
    integrity sha512-PRWFHuSU3eDtQJPvnNY7Jcket1j0t5OuOsFzPPzsekD52Zl8qUfFIPEiswXqIvHWGVHOgX+7G/vCNNhehwxfkQ==
    dependencies:
      ms "2.1.2"
  
  follow-redirects@^1.14.8:
    version "1.14.9"
    resolved "https://registry.yarnpkg.com/follow-redirects/-/follow-redirects-1.14.9.tgz#dd4ea157de7bfaf9ea9b3fbd85aa16951f78d8d7"
    integrity sha512-MQDfihBQYMcyy5dhRDJUHcw7lb2Pv/TuE6xP1vyraLukNDHKbDxDNaOE3NbCAdKQApno+GPRyo1YAp89yCjK4w==
  
  http-cookie-agent@^1.0.2:
    version "1.0.5"
    resolved "https://registry.yarnpkg.com/http-cookie-agent/-/http-cookie-agent-1.0.5.tgz#afb569f6e31f46b6ffc97a0616769add3395445d"
    integrity sha512-X8QM/rGPu/cb7A37uNLuz+PZfkmlQ9PycDD+/QsmqICXBd9grKWdWKMzg/BDkzxIbV+P/FYTsKZn08KcXgbLsQ==
    dependencies:
      agent-base "^6.0.2"
  
  ms@2.1.2:
    version "2.1.2"
    resolved "https://registry.yarnpkg.com/ms/-/ms-2.1.2.tgz#d09d1f357b443f493382a8eb3ccd183872ae6009"
    integrity sha512-sGkPx+VjMtmA6MX27oA4FBFELFCZZ4S4XqeGOXCv68tT+jb3vk/RyaKWP0PTKyWtmLSM0b+adUTEvbs1PEaH2w==
  
  psl@^1.1.33:
    version "1.8.0"
    resolved "https://registry.yarnpkg.com/psl/-/psl-1.8.0.tgz#9326f8bcfb013adcc005fdff056acce020e51c24"
    integrity sha512-RIdOzyoavK+hA18OGGWDqUTsCLhtA7IcZ/6NCs4fFJaHBDab+pDDmDIByWFRQJq2Cd7r1OoQxBGKOaztq+hjIQ==
  
  punycode@^2.1.1:
    version "2.1.1"
    resolved "https://registry.yarnpkg.com/punycode/-/punycode-2.1.1.tgz#b58b010ac40c22c5657616c8d2c2c02c7bf479ec"
    integrity sha512-XRsRjdf+j5ml+y/6GKHPZbrF/8p2Yga0JPtdqTIY2Xe5ohJPD9saDJJLPvp9+NSBprVvevdXZybnj2cv8OEd0A==
  
  tough-cookie@^4.0.0:
    version "4.0.0"
    resolved "https://registry.yarnpkg.com/tough-cookie/-/tough-cookie-4.0.0.tgz#d822234eeca882f991f0f908824ad2622ddbece4"
    integrity sha512-tHdtEpQCMrc1YLrMaqXXcj6AxhYi/xgit6mZu1+EDWUn+qhUf8wMQoFIy9NXuq23zAwtcB0t/MjACGR18pcRbg==
    dependencies:
      psl "^1.1.33"
      punycode "^2.1.1"
      universalify "^0.1.2"
  
  typescript@^4.6.2:
    version "4.6.2"
    resolved "https://registry.yarnpkg.com/typescript/-/typescript-4.6.2.tgz#fe12d2727b708f4eef40f51598b3398baa9611d4"
    integrity sha512-HM/hFigTBHZhLXshn9sN37H085+hQGeJHJ/X7LpBWLID/fbc2acUMfU+lGD98X81sKP+pFa9f0DZmCwB9GnbAg==
  
  universalify@^0.1.2:
    version "0.1.2"
    resolved "https://registry.yarnpkg.com/universalify/-/universalify-0.1.2.tgz#b646f69be3942dabcecc9d6639c80dc105efaa66"
    integrity sha512-rBJeI5CXAlmy1pV+617WB9J63U6XcazHHF2f2dbJix4XzpUF0RS3Zbj0FGIOCAva5P/d/GBOYaACQ1w+0azUkg==
